  [1m[35m (520.2ms)[0m  [1m[35mCREATE DATABASE "MyTTF_JS_app_development" ENCODING = 'unicode'[0m
  ↳ bin/rails:9
  [1m[35m (444.2ms)[0m  [1m[35mCREATE DATABASE "MyTTF_JS_app_test" ENCODING = 'unicode'[0m
  ↳ bin/rails:9
  [1m[35m (29.6ms)[0m  [1m[35mCREATE TABLE "schema_migrations" ("version" character varying NOT NULL PRIMARY KEY)[0m
  ↳ bin/rails:9
  [1m[35m (20.0ms)[0m  [1m[35mCREATE TABLE "ar_internal_metadata" ("key" character varying NOT NULL PRIMARY KEY, "value" character varying, "created_at" timestamp NOT NULL, "updated_at" timestamp NOT NULL)[0m
  ↳ bin/rails:9
  [1m[35m (1.0ms)[0m  [1m[34mSELECT pg_try_advisory_lock(5705023931126538795)[0m
  ↳ bin/rails:9
  [1m[35m (0.8ms)[0m  [1m[34mSELECT "schema_migrations"."version" FROM "schema_migrations" ORDER BY "schema_migrations"."version" ASC[0m
  ↳ bin/rails:9
Migrating to CreatePlayers (20191102202326)
  [1m[35m (5.4ms)[0m  [1m[35mBEGIN[0m
  ↳ bin/rails:9
  [1m[35m (23.9ms)[0m  [1m[35mCREATE TABLE "players" ("id" bigserial primary key, "username" character varying, "created_at" timestamp NOT NULL, "updated_at" timestamp NOT NULL)[0m
  ↳ db/migrate/20191102202326_create_players.rb:3
  [1m[36mActiveRecord::SchemaMigration Create (1.1ms)[0m  [1m[32mINSERT INTO "schema_migrations" ("version") VALUES ($1) RETURNING "version"[0m  [["version", "20191102202326"]]
  ↳ bin/rails:9
  [1m[35m (0.5ms)[0m  [1m[35mCOMMIT[0m
  ↳ bin/rails:9
  [1m[36mActiveRecord::InternalMetadata Load (0.4ms)[0m  [1m[34mSELECT  "ar_internal_metadata".* FROM "ar_internal_metadata" WHERE "ar_internal_metadata"."key" = $1 LIMIT $2[0m  [["key", "environment"], ["LIMIT", 1]]
  ↳ bin/rails:9
  [1m[35m (0.1ms)[0m  [1m[35mBEGIN[0m
  ↳ bin/rails:9
  [1m[36mActiveRecord::InternalMetadata Create (5.9ms)[0m  [1m[32mINSERT INTO "ar_internal_metadata" ("key", "value", "created_at", "updated_at") VALUES ($1, $2, $3, $4) RETURNING "key"[0m  [["key", "environment"], ["value", "development"], ["created_at", "2019-11-02 20:32:00.885614"], ["updated_at", "2019-11-02 20:32:00.885614"]]
  ↳ bin/rails:9
  [1m[35m (5.4ms)[0m  [1m[35mCOMMIT[0m
  ↳ bin/rails:9
  [1m[35m (0.2ms)[0m  [1m[34mSELECT pg_advisory_unlock(5705023931126538795)[0m
  ↳ bin/rails:9
  [1m[35m (5.9ms)[0m  [1m[34mSELECT "schema_migrations"."version" FROM "schema_migrations" ORDER BY "schema_migrations"."version" ASC[0m
  ↳ bin/rails:9
  [1m[35m (0.7ms)[0m  [1m[34mSELECT "schema_migrations"."version" FROM "schema_migrations" ORDER BY "schema_migrations"."version" ASC[0m
  ↳ bin/rails:9
  [1m[35m (0.8ms)[0m  [1m[34mSELECT "schema_migrations"."version" FROM "schema_migrations" ORDER BY "schema_migrations"."version" ASC[0m
  ↳ bin/rails:9
  [1m[35m (0.2ms)[0m  [1m[35mBEGIN[0m
  ↳ db/seeds.rb:9
  [1m[36mPlayer Create (2.6ms)[0m  [1m[32mINSERT INTO "players" ("username", "created_at", "updated_at") VALUES ($1, $2, $3) RETURNING "id"[0m  [["username", "Baron"], ["created_at", "2019-11-02 21:02:59.693525"], ["updated_at", "2019-11-02 21:02:59.693525"]]
  ↳ db/seeds.rb:9
  [1m[35m (8.3ms)[0m  [1m[35mCOMMIT[0m
  ↳ db/seeds.rb:9
  [1m[35m (0.2ms)[0m  [1m[35mBEGIN[0m
  ↳ db/seeds.rb:9
  [1m[36mPlayer Create (0.6ms)[0m  [1m[32mINSERT INTO "players" ("username", "created_at", "updated_at") VALUES ($1, $2, $3) RETURNING "id"[0m  [["username", "Ryan"], ["created_at", "2019-11-02 21:02:59.708954"], ["updated_at", "2019-11-02 21:02:59.708954"]]
  ↳ db/seeds.rb:9
  [1m[35m (0.4ms)[0m  [1m[35mCOMMIT[0m
  ↳ db/seeds.rb:9
  [1m[35m (0.1ms)[0m  [1m[35mBEGIN[0m
  ↳ db/seeds.rb:9
  [1m[36mPlayer Create (0.3ms)[0m  [1m[32mINSERT INTO "players" ("username", "created_at", "updated_at") VALUES ($1, $2, $3) RETURNING "id"[0m  [["username", "Scott"], ["created_at", "2019-11-02 21:02:59.712656"], ["updated_at", "2019-11-02 21:02:59.712656"]]
  ↳ db/seeds.rb:9
  [1m[35m (0.3ms)[0m  [1m[35mCOMMIT[0m
  ↳ db/seeds.rb:9
  [1m[35m (0.1ms)[0m  [1m[35mBEGIN[0m
  ↳ db/seeds.rb:9
  [1m[36mPlayer Create (0.3ms)[0m  [1m[32mINSERT INTO "players" ("username", "created_at", "updated_at") VALUES ($1, $2, $3) RETURNING "id"[0m  [["username", "Pavlo"], ["created_at", "2019-11-02 21:02:59.715597"], ["updated_at", "2019-11-02 21:02:59.715597"]]
  ↳ db/seeds.rb:9
  [1m[35m (0.3ms)[0m  [1m[35mCOMMIT[0m
  ↳ db/seeds.rb:9
  [1m[35m (0.1ms)[0m  [1m[35mBEGIN[0m
  ↳ db/seeds.rb:9
  [1m[36mPlayer Create (0.3ms)[0m  [1m[32mINSERT INTO "players" ("username", "created_at", "updated_at") VALUES ($1, $2, $3) RETURNING "id"[0m  [["username", "Dave"], ["created_at", "2019-11-02 21:02:59.718351"], ["updated_at", "2019-11-02 21:02:59.718351"]]
  ↳ db/seeds.rb:9
  [1m[35m (0.4ms)[0m  [1m[35mCOMMIT[0m
  ↳ db/seeds.rb:9
  [1m[36mPlayer Load (1.7ms)[0m  [1m[34mSELECT  "players".* FROM "players" LIMIT $1[0m  [["LIMIT", 11]]
Started GET "/api/players" for ::1 at 2019-11-02 16:04:06 -0500
  [1m[35m (0.7ms)[0m  [1m[34mSELECT "schema_migrations"."version" FROM "schema_migrations" ORDER BY "schema_migrations"."version" ASC[0m
  ↳ /Users/baronlip/.rvm/gems/ruby-2.6.1/gems/activerecord-5.2.3/lib/active_record/log_subscriber.rb:98
  
SyntaxError (/Users/baronlip/Documents/FlatIronSchool/_bootcamp/Module_4_JS/MyTTF_JS_app/app/controllers/api/players_controller.rb:33: syntax error, unexpected end-of-input, expecting end):
  
app/controllers/api/players_controller.rb:33: syntax error, unexpected end-of-input, expecting end
Started GET "/favicon.ico" for ::1 at 2019-11-02 16:04:06 -0500
  
ActionController::RoutingError (No route matches [GET] "/favicon.ico"):
  
actionpack (5.2.3) lib/action_dispatch/middleware/debug_exceptions.rb:65:in `call'
actionpack (5.2.3) lib/action_dispatch/middleware/show_exceptions.rb:33:in `call'
railties (5.2.3) lib/rails/rack/logger.rb:38:in `call_app'
railties (5.2.3) lib/rails/rack/logger.rb:26:in `block in call'
activesupport (5.2.3) lib/active_support/tagged_logging.rb:71:in `block in tagged'
activesupport (5.2.3) lib/active_support/tagged_logging.rb:28:in `tagged'
activesupport (5.2.3) lib/active_support/tagged_logging.rb:71:in `tagged'
railties (5.2.3) lib/rails/rack/logger.rb:26:in `call'
actionpack (5.2.3) lib/action_dispatch/middleware/remote_ip.rb:81:in `call'
actionpack (5.2.3) lib/action_dispatch/middleware/request_id.rb:27:in `call'
rack (2.0.7) lib/rack/runtime.rb:22:in `call'
activesupport (5.2.3) lib/active_support/cache/strategy/local_cache_middleware.rb:29:in `call'
actionpack (5.2.3) lib/action_dispatch/middleware/executor.rb:14:in `call'
actionpack (5.2.3) lib/action_dispatch/middleware/static.rb:127:in `call'
rack (2.0.7) lib/rack/sendfile.rb:111:in `call'
rack-cors (1.0.3) lib/rack/cors.rb:95:in `call'
railties (5.2.3) lib/rails/engine.rb:524:in `call'
puma (3.12.1) lib/puma/configuration.rb:227:in `call'
puma (3.12.1) lib/puma/server.rb:660:in `handle_request'
puma (3.12.1) lib/puma/server.rb:474:in `process_client'
puma (3.12.1) lib/puma/server.rb:334:in `block in run'
puma (3.12.1) lib/puma/thread_pool.rb:135:in `block in spawn_thread'
Started GET "/api/players" for ::1 at 2019-11-02 16:04:22 -0500
Processing by Api::PlayersController#index as HTML
  [1m[36mPlayer Load (0.7ms)[0m  [1m[34mSELECT "players".* FROM "players"[0m
  ↳ app/controllers/api/players_controller.rb:6
Completed 200 OK in 16ms (Views: 5.4ms | ActiveRecord: 9.1ms)


  [1m[35m (0.2ms)[0m  [1m[34mSELECT pg_try_advisory_lock(5705023931126538795)[0m
  ↳ bin/rails:9
  [1m[35m (0.8ms)[0m  [1m[34mSELECT "schema_migrations"."version" FROM "schema_migrations" ORDER BY "schema_migrations"."version" ASC[0m
  ↳ bin/rails:9
Migrating to CreateMatches (20191102210950)
  [1m[35m (0.2ms)[0m  [1m[35mBEGIN[0m
  ↳ bin/rails:9
  [1m[35m (13.6ms)[0m  [1m[35mCREATE TABLE "matches" ("id" bigserial primary key, "player_id" integer, "created_at" timestamp NOT NULL, "updated_at" timestamp NOT NULL)[0m
  ↳ db/migrate/20191102210950_create_matches.rb:3
  [1m[36mActiveRecord::SchemaMigration Create (5.8ms)[0m  [1m[32mINSERT INTO "schema_migrations" ("version") VALUES ($1) RETURNING "version"[0m  [["version", "20191102210950"]]
  ↳ bin/rails:9
  [1m[35m (5.0ms)[0m  [1m[35mCOMMIT[0m
  ↳ bin/rails:9
  [1m[36mActiveRecord::InternalMetadata Load (6.4ms)[0m  [1m[34mSELECT  "ar_internal_metadata".* FROM "ar_internal_metadata" WHERE "ar_internal_metadata"."key" = $1 LIMIT $2[0m  [["key", "environment"], ["LIMIT", 1]]
  ↳ bin/rails:9
  [1m[35m (0.1ms)[0m  [1m[35mBEGIN[0m
  ↳ bin/rails:9
  [1m[35m (0.1ms)[0m  [1m[35mCOMMIT[0m
  ↳ bin/rails:9
  [1m[35m (0.2ms)[0m  [1m[34mSELECT pg_advisory_unlock(5705023931126538795)[0m
  ↳ bin/rails:9
  [1m[35m (0.2ms)[0m  [1m[34mSELECT "schema_migrations"."version" FROM "schema_migrations" ORDER BY "schema_migrations"."version" ASC[0m
  ↳ bin/rails:9
Started GET "/api/players" for ::1 at 2019-11-02 22:27:50 -0500
  [1m[35m (7.2ms)[0m  [1m[34mSELECT "schema_migrations"."version" FROM "schema_migrations" ORDER BY "schema_migrations"."version" ASC[0m
  ↳ /Users/baronlip/.rvm/gems/ruby-2.6.1/gems/activerecord-5.2.3/lib/active_record/log_subscriber.rb:98
Processing by Api::PlayersController#index as HTML
  [1m[36mPlayer Load (0.7ms)[0m  [1m[34mSELECT "players".* FROM "players"[0m
  ↳ app/controllers/api/players_controller.rb:6
Completed 200 OK in 32ms (Views: 12.6ms | ActiveRecord: 9.1ms)


Started GET "/api/players" for ::1 at 2019-11-04 11:58:27 -0600
  [1m[35m (6.8ms)[0m  [1m[34mSELECT "schema_migrations"."version" FROM "schema_migrations" ORDER BY "schema_migrations"."version" ASC[0m
  ↳ /Users/baronlip/.rvm/gems/ruby-2.6.1/gems/activerecord-5.2.3/lib/active_record/log_subscriber.rb:98
Processing by Api::PlayersController#index as HTML
  [1m[36mPlayer Load (0.7ms)[0m  [1m[34mSELECT "players".* FROM "players"[0m
  ↳ app/controllers/api/players_controller.rb:6
Completed 200 OK in 25ms (Views: 8.6ms | ActiveRecord: 8.0ms)


Started GET "/api/players/1" for ::1 at 2019-11-04 11:58:46 -0600
Processing by Api::PlayersController#show as HTML
  Parameters: {"id"=>"1"}
  [1m[36mPlayer Load (0.3ms)[0m  [1m[34mSELECT  "players".* FROM "players" WHERE "players"."id" = $1 LIMIT $2[0m  [["id", 1], ["LIMIT", 1]]
  ↳ app/controllers/api/players_controller.rb:10
Completed 200 OK in 9ms (Views: 0.4ms | ActiveRecord: 0.6ms)


Started GET "/api/players/1" for ::1 at 2019-11-04 12:09:53 -0600
Processing by Api::PlayersController#show as */*
  Parameters: {"id"=>"1"}
  [1m[36mPlayer Load (0.5ms)[0m  [1m[34mSELECT  "players".* FROM "players" WHERE "players"."id" = $1 LIMIT $2[0m  [["id", 1], ["LIMIT", 1]]
  ↳ app/controllers/api/players_controller.rb:10
Completed 200 OK in 2ms (Views: 0.3ms | ActiveRecord: 0.7ms)


Started GET "/api/players/1" for ::1 at 2019-11-04 12:13:40 -0600
Processing by Api::PlayersController#show as */*
  Parameters: {"id"=>"1"}
  [1m[36mPlayer Load (3.3ms)[0m  [1m[34mSELECT  "players".* FROM "players" WHERE "players"."id" = $1 LIMIT $2[0m  [["id", 1], ["LIMIT", 1]]
  ↳ app/controllers/api/players_controller.rb:10
Completed 200 OK in 5ms (Views: 0.5ms | ActiveRecord: 3.3ms)


Started GET "/api/players/1" for ::1 at 2019-11-04 12:18:50 -0600
Processing by Api::PlayersController#show as */*
  Parameters: {"id"=>"1"}
  [1m[36mPlayer Load (1.7ms)[0m  [1m[34mSELECT  "players".* FROM "players" WHERE "players"."id" = $1 LIMIT $2[0m  [["id", 1], ["LIMIT", 1]]
  ↳ app/controllers/api/players_controller.rb:10
Completed 200 OK in 3ms (Views: 0.4ms | ActiveRecord: 1.7ms)


Started GET "/api/players/1" for ::1 at 2019-11-04 12:19:10 -0600
Processing by Api::PlayersController#show as */*
  Parameters: {"id"=>"1"}
  [1m[36mPlayer Load (28.9ms)[0m  [1m[34mSELECT  "players".* FROM "players" WHERE "players"."id" = $1 LIMIT $2[0m  [["id", 1], ["LIMIT", 1]]
  ↳ app/controllers/api/players_controller.rb:10
Completed 200 OK in 31ms (Views: 0.5ms | ActiveRecord: 28.9ms)


